{
  "stats": {
    "suites": 1,
    "tests": 3,
    "passes": 3,
    "pending": 0,
    "failures": 0,
    "start": "2023-02-04T16:18:31.065Z",
    "end": "2023-02-04T16:18:41.110Z",
    "duration": 10045,
    "testsRegistered": 3,
    "passPercent": 100,
    "pendingPercent": 0,
    "other": 0,
    "hasOther": false,
    "skipped": 0,
    "hasSkipped": false
  },
  "results": [
    {
      "uuid": "258c3009-7043-44d7-a232-007afea0515a",
      "title": "",
      "fullFile": "cypress\\e2e\\3-ALURAPIC\\alurapic.cy.js",
      "file": "cypress\\e2e\\3-ALURAPIC\\alurapic.cy.js",
      "beforeHooks": [],
      "afterHooks": [],
      "tests": [],
      "suites": [
        {
          "uuid": "fe0deb7f-0650-4843-97b9-10c702d532a0",
          "title": "Login and register users on alura pic",
          "fullFile": "",
          "file": "",
          "beforeHooks": [],
          "afterHooks": [],
          "tests": [
            {
              "title": "verifies validation messages",
              "fullTitle": "Login and register users on alura pic verifies validation messages",
              "timedOut": null,
              "duration": 4594,
              "state": "passed",
              "speed": "fast",
              "pass": true,
              "fail": false,
              "pending": false,
              "context": null,
              "code": "cy.contains('a', 'Register now').click();\ncy.contains('button', 'Register').click();\ncy.contains('ap-vmessage', 'Email is required').should('be.visible');\ncy.contains('button', 'Register').click();\ncy.contains('ap-vmessage', 'Full name is required').should('be.visible');\ncy.contains('ap-vmessage', 'User name is required').should('be.visible');\ncy.contains('ap-vmessage', 'Password is required').should('be.visible');",
              "err": {},
              "uuid": "448ab6dc-e43b-4bb2-ad6d-b9c651e566de",
              "parentUUID": "fe0deb7f-0650-4843-97b9-10c702d532a0",
              "isHook": false,
              "skipped": false
            },
            {
              "title": "verifies email validation",
              "fullTitle": "Login and register users on alura pic verifies email validation",
              "timedOut": null,
              "duration": 1281,
              "state": "passed",
              "speed": "fast",
              "pass": true,
              "fail": false,
              "pending": false,
              "context": null,
              "code": "cy.contains('a', 'Register now').click();\ncy.contains('button', 'Register').click();\ncy.get('input[formcontrolname=\"email\"]').type('iago');\ncy.contains('ap-vmessage', 'Invalid e-mail').should('be.visible');",
              "err": {},
              "uuid": "0b4ca94b-cb66-43fb-a1ae-c161fadb50d6",
              "parentUUID": "fe0deb7f-0650-4843-97b9-10c702d532a0",
              "isHook": false,
              "skipped": false
            },
            {
              "title": "verifies passwords with less than 8 characters",
              "fullTitle": "Login and register users on alura pic verifies passwords with less than 8 characters",
              "timedOut": null,
              "duration": 1320,
              "state": "passed",
              "speed": "fast",
              "pass": true,
              "fail": false,
              "pending": false,
              "context": null,
              "code": "cy.contains('a', 'Register now').click();\ncy.contains('button', 'Register').click();\ncy.get('input[formcontrolname=\"password\"]').type('123');\ncy.contains('button', 'Register').click();\ncy.contains('ap-vmessage', 'Mininum length is 8').should('be.visible');",
              "err": {},
              "uuid": "8fdd601e-1419-49f1-90c7-68902e9a1af5",
              "parentUUID": "fe0deb7f-0650-4843-97b9-10c702d532a0",
              "isHook": false,
              "skipped": false
            }
          ],
          "suites": [],
          "passes": [
            "448ab6dc-e43b-4bb2-ad6d-b9c651e566de",
            "0b4ca94b-cb66-43fb-a1ae-c161fadb50d6",
            "8fdd601e-1419-49f1-90c7-68902e9a1af5"
          ],
          "failures": [],
          "pending": [],
          "skipped": [],
          "duration": 7195,
          "root": false,
          "rootEmpty": false,
          "_timeout": 2000
        }
      ],
      "passes": [],
      "failures": [],
      "pending": [],
      "skipped": [],
      "duration": 0,
      "root": true,
      "rootEmpty": true,
      "_timeout": 2000
    }
  ],
  "meta": {
    "mocha": {
      "version": "7.0.1"
    },
    "mochawesome": {
      "options": {
        "quiet": false,
        "reportFilename": "mochawesome",
        "saveHtml": true,
        "saveJson": true,
        "consoleReporter": "spec",
        "useInlineDiffs": false,
        "code": true
      },
      "version": "7.1.3"
    },
    "marge": {
      "options": null,
      "version": "6.2.0"
    }
  }
}